<?xml version="1.0" encoding="UTF-8"?>
<testsuite xmlns:xsi="http://www.w3.org/2001/XMLSchema-instance" xsi:noNamespaceSchemaLocation="https://maven.apache.org/surefire/maven-surefire-plugin/xsd/surefire-test-report-3.0.xsd" version="3.0" name="meta.claw.integration.MessageFlowIntegrationTest" time="1.156" tests="3" errors="0" skipped="0" failures="0">
  <properties>
[...]
</properties>
  <testcase name="testMessageFlowLoop" classname="meta.claw.integration.MessageFlowIntegrationTest" time="1.12">
    <system-out><![CDATA[21:29:35.991 [main] INFO  meta.claw.gateway.Gateway - [Gateway] Gateway 已初始化并注册为 EventBus 订阅者
21:29:36.823 [main] INFO  meta.claw.core.runtime.AgentLoop - AgentLoop 已注册为 EventBus 订阅者
21:29:36.834 [pool-2-thread-1] INFO  meta.claw.core.runtime.AgentLoop - AgentLoop 接收到用户消息: sessionId=session-test-001, channelType=wechat, contentLength=12
21:29:36.839 [pool-2-thread-1] INFO  meta.claw.core.runtime.AgentLoop - 路由决策完成: 目标 Expert=test-expert, sessionId=session-test-001
21:29:36.842 [pool-2-thread-1] INFO  meta.claw.core.runtime.AgentLoop - Expert 处理完成: expertId=test-expert, replyType=TEXT, sessionId=session-test-001
21:29:36.842 [pool-2-thread-2] WARN  meta.claw.gateway.Gateway - [Gateway] 未找到对应渠道，无法发送回复, channelType=wechat
]]></system-out>
    <system-err><![CDATA[Mockito is currently self-attaching to enable the inline-mock-maker. This will no longer work in future releases of the JDK. Please add Mockito as an agent to your build as described in Mockito's documentation: https://javadoc.io/doc/org.mockito/mockito-core/latest/org.mockito/org/mockito/Mockito.html#0.3
WARNING: A Java agent has been loaded dynamically (/Users/kai/.m2/repository/net/bytebuddy/byte-buddy-agent/1.17.8/byte-buddy-agent-1.17.8.jar)
WARNING: If a serviceability tool is in use, please run with -XX:+EnableDynamicAgentLoading to hide this warning
WARNING: If a serviceability tool is not in use, please run with -Djdk.instrument.traceUsage for more information
WARNING: Dynamic loading of agents will be disallowed by default in a future release
]]></system-err>
  </testcase>
  <testcase name="testMessageFlowWithNoExpert" classname="meta.claw.integration.MessageFlowIntegrationTest" time="0.009">
    <system-out><![CDATA[21:29:36.862 [main] INFO  meta.claw.gateway.Gateway - [Gateway] Gateway 已初始化并注册为 EventBus 订阅者
21:29:36.863 [main] INFO  meta.claw.core.runtime.AgentLoop - AgentLoop 已注册为 EventBus 订阅者
21:29:36.864 [main] INFO  meta.claw.core.runtime.AgentLoop - AgentLoop 已注册为 EventBus 订阅者
21:29:36.868 [pool-4-thread-1] INFO  meta.claw.core.runtime.AgentLoop - AgentLoop 接收到用户消息: sessionId=session-no-expert, channelType=douyin, contentLength=16
21:29:36.868 [pool-4-thread-1] WARN  meta.claw.core.runtime.AgentLoop - 未找到可用的 Expert，无法处理用户消息: sessionId=session-no-expert
]]></system-out>
  </testcase>
  <testcase name="testEventBusPubSub" classname="meta.claw.integration.MessageFlowIntegrationTest" time="0.004">
    <system-out><![CDATA[21:29:36.871 [main] INFO  meta.claw.gateway.Gateway - [Gateway] Gateway 已初始化并注册为 EventBus 订阅者
21:29:36.872 [main] INFO  meta.claw.core.runtime.AgentLoop - AgentLoop 已注册为 EventBus 订阅者
21:29:36.873 [pool-5-thread-1] WARN  meta.claw.gateway.Gateway - [Gateway] 未找到对应渠道，无法发送回复, channelType=slack
]]></system-out>
  </testcase>
</testsuite>