<?xml version="1.0" encoding="UTF-8"?>
<testsuite xmlns:xsi="http://www.w3.org/2001/XMLSchema-instance" xsi:noNamespaceSchemaLocation="https://maven.apache.org/surefire/maven-surefire-plugin/xsd/surefire-test-report-3.0.xsd" version="3.0" name="meta.claw.session.SessionManagerTest" time="0.082" tests="8" errors="0" skipped="0" failures="0">
  <properties>
[...]
</properties>
  <testcase name="testClearSession" classname="meta.claw.session.SessionManagerTest" time="0.047"/>
  <testcase name="testSetSingleMode" classname="meta.claw.session.SessionManagerTest" time="0.003"/>
  <testcase name="testDefaultTimeout" classname="meta.claw.session.SessionManagerTest" time="0.002"/>
  <testcase name="testGetTargetExpertsSingleMode" classname="meta.claw.session.SessionManagerTest" time="0.001"/>
  <testcase name="testCleanupExpiredSessions" classname="meta.claw.session.SessionManagerTest" time="0.002"/>
  <testcase name="testGetSessionCreatesNewSession" classname="meta.claw.session.SessionManagerTest" time="0.001"/>
  <testcase name="testGetTargetExpertsWithNullOrEmpty" classname="meta.claw.session.SessionManagerTest" time="0.001"/>
  <testcase name="testGetTargetExpertsFallback" classname="meta.claw.session.SessionManagerTest" time="0.001"/>
</testsuite>