<?xml version="1.0" encoding="UTF-8"?>
<testsuite xmlns:xsi="http://www.w3.org/2001/XMLSchema-instance" xsi:noNamespaceSchemaLocation="https://maven.apache.org/surefire/maven-surefire-plugin/xsd/surefire-test-report-3.0.xsd" version="3.0" name="meta.claw.core.prompt.SystemPromptBuilderTest" time="0.025" tests="11" errors="0" skipped="0" failures="0">
  <properties>
[...]
</properties>
  <testcase name="build_shouldContainToolsSection_whenToolsProvided" classname="meta.claw.core.prompt.SystemPromptBuilderTest" time="0.005"/>
  <testcase name="build_shouldContainWorkspaceSection" classname="meta.claw.core.prompt.SystemPromptBuilderTest" time="0.001"/>
  <testcase name="build_shouldContainKnowledgeAndPreferences" classname="meta.claw.core.prompt.SystemPromptBuilderTest" time="0.001"/>
  <testcase name="build_shouldContainRuntimeSection" classname="meta.claw.core.prompt.SystemPromptBuilderTest" time="0.002"/>
  <testcase name="build_shouldHandleEmptyContext" classname="meta.claw.core.prompt.SystemPromptBuilderTest" time="0.001"/>
  <testcase name="build_shouldContainVesselNameAndDescription" classname="meta.claw.core.prompt.SystemPromptBuilderTest" time="0.001"/>
  <testcase name="build_shouldContainIdentitySection" classname="meta.claw.core.prompt.SystemPromptBuilderTest" time="0.001"/>
  <testcase name="build_shouldNotContainToolsSection_whenNoTools" classname="meta.claw.core.prompt.SystemPromptBuilderTest" time="0.001"/>
  <testcase name="build_shouldNotContainSkillsSection_whenNoSkills" classname="meta.claw.core.prompt.SystemPromptBuilderTest" time="0.001"/>
  <testcase name="build_shouldContainMemorySection" classname="meta.claw.core.prompt.SystemPromptBuilderTest" time="0.002"/>
  <testcase name="build_shouldContainSkillsSection_whenSkillsProvided" classname="meta.claw.core.prompt.SystemPromptBuilderTest" time="0.002"/>
</testsuite>